<?xml version="1.0" encoding="UTF-8"?>
<!-- Generated by org.testng.reporters.JUnitReportReporter -->
<testsuite hostname="inbl01lap7243" failures="0" tests="1" name="TestCases.LoginPageTest1" time="7.652" errors="0" timestamp="15 Feb 2022 03:25:06 GMT" skipped="0">
  <testcase classname="TestCases.LoginPageTest1" name="validateLoginnnn" time="7.652"/>
</testsuite> <!-- TestCases.LoginPageTest1 -->
